{
  "RSpec": {
    "coverage": {
      "/Users/samminns/Documents/RB_Projects/NUMB_GUESSING_GAME/tests/game_spec.rb": [
        1,
        null,
        1,
        4,
        4,
        null,
        1,
        1,
        1,
        null,
        null,
        1,
        9,
        1,
        null,
        null,
        null,
        1,
        1,
        1,
        null,
        null,
        1,
        1,
        1,
        null,
        null,
        null,
        1,
        1,
        1,
        null,
        null,
        1,
        1,
        1,
        null,
        null,
        null
      ],
      "/Users/samminns/Documents/RB_Projects/NUMB_GUESSING_GAME/lib/game.rb": [
        1,
        1,
        null,
        1,
        3,
        3,
        3,
        3,
        null,
        null,
        1,
        2,
        null,
        null,
        1,
        3,
        null,
        null,
        1,
        10,
        10,
        10,
        10,
        null,
        null,
        1,
        1,
        null,
        null,
        1,
        null,
        1,
        10,
        null,
        null,
        1,
        10,
        null,
        null
      ],
      "/Users/samminns/Documents/RB_Projects/NUMB_GUESSING_GAME/tests/message_template_spec.rb": [
        1,
        null,
        1,
        2,
        null,
        1,
        1,
        1,
        null,
        null,
        null
      ],
      "/Users/samminns/Documents/RB_Projects/NUMB_GUESSING_GAME/lib/message_templates.rb": [
        1,
        1,
        3,
        null,
        null,
        1,
        2,
        null,
        null,
        1,
        null,
        2,
        null,
        null,
        null,
        null,
        1,
        2,
        null,
        null,
        null,
        null,
        null,
        1,
        4,
        null,
        null,
        1,
        2,
        null,
        null
      ],
      "/Users/samminns/Documents/RB_Projects/NUMB_GUESSING_GAME/tests/result_spec.rb": [
        1,
        null,
        1,
        1,
        1,
        1,
        1,
        null,
        null,
        1,
        1,
        1,
        null,
        null,
        1,
        1,
        1,
        null,
        null,
        null
      ],
      "/Users/samminns/Documents/RB_Projects/NUMB_GUESSING_GAME/lib/result.rb": [
        1,
        1,
        1,
        2,
        null,
        null,
        null,
        1,
        1,
        13,
        null,
        null,
        1,
        3,
        null,
        null,
        null,
        1,
        1,
        1,
        null,
        null,
        1,
        1,
        null,
        null,
        null
      ],
      "/Users/samminns/Documents/RB_Projects/NUMB_GUESSING_GAME/tests/secret_spec.rb": [
        1,
        null,
        1,
        6,
        null,
        1,
        1,
        1,
        null,
        null,
        1,
        1,
        null,
        null,
        null,
        1,
        1,
        3,
        null,
        null,
        1,
        1,
        1,
        null,
        null,
        1,
        1,
        1,
        null,
        null,
        1,
        1,
        1,
        null,
        null,
        null
      ],
      "/Users/samminns/Documents/RB_Projects/NUMB_GUESSING_GAME/lib/secret_number.rb": [
        1,
        null,
        1,
        1,
        8,
        null,
        null,
        1,
        13,
        11,
        2,
        1,
        null,
        1,
        null,
        null,
        null,
        1,
        null,
        1,
        2,
        null,
        null
      ],
      "/Users/samminns/Documents/RB_Projects/NUMB_GUESSING_GAME/tests/user_interface_spec.rb": [
        1,
        1,
        1,
        null,
        1,
        12,
        1,
        8,
        null,
        1,
        1,
        1,
        1,
        null,
        null,
        1,
        1,
        1,
        1,
        1,
        null,
        null,
        null,
        1,
        1,
        1,
        null,
        null,
        1,
        1,
        null,
        null,
        1,
        1,
        null,
        null,
        null,
        null,
        1,
        1,
        1,
        1,
        1,
        null,
        null,
        1,
        1,
        1,
        null,
        null,
        null,
        1,
        1,
        1,
        1,
        null,
        null,
        null,
        1,
        1,
        1,
        1,
        null,
        null,
        null,
        1,
        1,
        1,
        1,
        null,
        null,
        1,
        1,
        1,
        null,
        null,
        null
      ],
      "/Users/samminns/Documents/RB_Projects/NUMB_GUESSING_GAME/lib/user_interface.rb": [
        1,
        null,
        1,
        1,
        11,
        null,
        null,
        1,
        2,
        3,
        3,
        1,
        null,
        null,
        null,
        1,
        1,
        null,
        null,
        1,
        3,
        null,
        null,
        1,
        1,
        null,
        null,
        1,
        1,
        null,
        null,
        1,
        1,
        null,
        null,
        1,
        null,
        1,
        6,
        null,
        null
      ]
    },
    "timestamp": 1415226711
  }
}
